2021-12-12 23:12:910 INFO  ManageDriver :32 - Launching chrome browser
2021-12-12 23:12:99 INFO  HomePage :26 - clicking on : [[ChromeDriver: chrome on WINDOWS (cc713d0f23ff7d15b9fa2ce6486cab05)] -> xpath: //button[contains(text(),'Bank Manager Login')]]
2021-12-12 23:12:78 INFO  BankManagerLoginPage :32 - clicking on : [[ChromeDriver: chrome on WINDOWS (cc713d0f23ff7d15b9fa2ce6486cab05)] -> xpath: //button[contains(text(),'Add Customer')]]
2021-12-12 23:12:533 INFO  AddCustomerPage :33 - enter first name: [[ChromeDriver: chrome on WINDOWS (cc713d0f23ff7d15b9fa2ce6486cab05)] -> xpath: //input[@placeholder='First Name']]
2021-12-12 23:12:706 INFO  AddCustomerPage :39 - enter last name : [[ChromeDriver: chrome on WINDOWS (cc713d0f23ff7d15b9fa2ce6486cab05)] -> xpath: //input[@placeholder='Last Name']]
2021-12-12 23:12:885 INFO  AddCustomerPage :44 - enter postal code : [[ChromeDriver: chrome on WINDOWS (cc713d0f23ff7d15b9fa2ce6486cab05)] -> xpath: //input[@placeholder='Post Code']]
2021-12-12 23:12:51 INFO  AddCustomerPage :54 - clicking on : [[ChromeDriver: chrome on WINDOWS (cc713d0f23ff7d15b9fa2ce6486cab05)] -> xpath: //form[@name='myForm']//button[contains(text(),'Add Customer')]]
2021-12-13 00:12:171 INFO  ManageDriver :32 - Launching chrome browser
2021-12-13 00:12:818 INFO  HomePage :26 - clicking on : [[ChromeDriver: chrome on WINDOWS (fd0713f94b14ddb409fee7ffbf32a301)] -> xpath: //button[contains(text(),'Bank Manager Login')]]
2021-12-13 00:12:279 INFO  BankManagerLoginPage :37 - clicking on : [[ChromeDriver: chrome on WINDOWS (fd0713f94b14ddb409fee7ffbf32a301)] -> xpath: //button[contains(text(),'Open Account')]]
2021-12-13 00:12:842 INFO  OpenAccountPage :27 - selecting customer name : [[ChromeDriver: chrome on WINDOWS (fd0713f94b14ddb409fee7ffbf32a301)] -> xpath: //select[@id='userSelect']]
2021-12-13 00:12:33 INFO  OpenAccountPage :33 - selecting currency: [[ChromeDriver: chrome on WINDOWS (fd0713f94b14ddb409fee7ffbf32a301)] -> id: currency]
2021-12-13 00:12:195 INFO  OpenAccountPage :40 - clicking on : [[ChromeDriver: chrome on WINDOWS (fd0713f94b14ddb409fee7ffbf32a301)] -> xpath: //button[contains(text(),'Process')]]
2021-12-13 00:12:864 INFO  ManageDriver :32 - Launching chrome browser
2021-12-13 00:12:863 INFO  ManageDriver :32 - Launching chrome browser
2021-12-13 00:12:336 INFO  HomePage :30 - clicking on : [[ChromeDriver: chrome on WINDOWS (20302e3707102cb0f82db87672aa8d4e)] -> xpath: //button[contains(text(),'Customer Login')]]
2021-12-13 00:12:945 INFO  OpenAccountPage :27 - selecting customer name : [[ChromeDriver: chrome on WINDOWS (20302e3707102cb0f82db87672aa8d4e)] -> xpath: //select[@id='userSelect']]
2021-12-13 00:12:65 INFO  CustomerLoginPage :37 - clicking on : [[ChromeDriver: chrome on WINDOWS (20302e3707102cb0f82db87672aa8d4e)] -> xpath: //button[@class='btn btn-default']]
2021-12-13 00:12:19 INFO  CustomerLoginPage :42 - clicking on : [[ChromeDriver: chrome on WINDOWS (20302e3707102cb0f82db87672aa8d4e)] -> xpath: //button[contains(text(),'Logout')]]
2021-12-13 00:12:291 INFO  ManageDriver :32 - Launching chrome browser
2021-12-13 00:12:763 INFO  HomePage :30 - clicking on : [[ChromeDriver: chrome on WINDOWS (d6cac7f8fbaccfbbaaa4e32ab2b1e918)] -> xpath: //button[contains(text(),'Customer Login')]]
2021-12-13 00:12:408 INFO  CustomerLoginPage :32 - select your name: [[ChromeDriver: chrome on WINDOWS (d6cac7f8fbaccfbbaaa4e32ab2b1e918)] -> xpath: //select[@id='userSelect']]
2021-12-13 00:12:589 INFO  ManageDriver :32 - Launching chrome browser
2021-12-13 00:12:559 INFO  HomePage :30 - clicking on : [[ChromeDriver: chrome on WINDOWS (0a884c962379d00d5b9e49ae3df50604)] -> xpath: //button[contains(text(),'Customer Login')]]
2021-12-13 00:12:56 INFO  CustomerLoginPage :32 - select your name: [[ChromeDriver: chrome on WINDOWS (0a884c962379d00d5b9e49ae3df50604)] -> xpath: //select[@id='userSelect']]
2021-12-13 00:12:180 INFO  CustomerLoginPage :37 - clicking on : [[ChromeDriver: chrome on WINDOWS (0a884c962379d00d5b9e49ae3df50604)] -> xpath: //button[@class='btn btn-default']]
2021-12-13 00:12:611 INFO  AccountPage :57 - clicking on : [[ChromeDriver: chrome on WINDOWS (0a884c962379d00d5b9e49ae3df50604)] -> xpath: //button[contains(text(),'Deposit')]]
2021-12-13 00:12:16 INFO  AccountPage :62 -  entering amount : [[ChromeDriver: chrome on WINDOWS (0a884c962379d00d5b9e49ae3df50604)] -> xpath: //input[@placeholder='amount']]
2021-12-13 00:12:132 INFO  AccountPage :68 - clicking on : [[ChromeDriver: chrome on WINDOWS (0a884c962379d00d5b9e49ae3df50604)] -> xpath: //button[@class='btn btn-default']]
2021-12-13 00:12:210 INFO  AccountPage :75 - verify msg : [[ChromeDriver: chrome on WINDOWS (0a884c962379d00d5b9e49ae3df50604)] -> xpath: //span[contains(text(),'Deposit Successful')]]
2021-12-13 00:12:707 INFO  ManageDriver :32 - Launching chrome browser
2021-12-13 00:12:353 INFO  HomePage :30 - clicking on : [[ChromeDriver: chrome on WINDOWS (2b6b8623caf24101f94e6aeba7d122bc)] -> xpath: //button[contains(text(),'Customer Login')]]
2021-12-13 00:12:857 INFO  CustomerLoginPage :32 - select your name: [[ChromeDriver: chrome on WINDOWS (2b6b8623caf24101f94e6aeba7d122bc)] -> xpath: //select[@id='userSelect']]
2021-12-13 00:12:202 INFO  CustomerLoginPage :37 - clicking on : [[ChromeDriver: chrome on WINDOWS (2b6b8623caf24101f94e6aeba7d122bc)] -> xpath: //button[@class='btn btn-default']]
2021-12-13 00:12:144 INFO  AccountPage :57 - clicking on : [[ChromeDriver: chrome on WINDOWS (2b6b8623caf24101f94e6aeba7d122bc)] -> xpath: //button[contains(text(),'Deposit')]]
2021-12-13 00:12:586 INFO  AccountPage :62 -  entering amount : [[ChromeDriver: chrome on WINDOWS (2b6b8623caf24101f94e6aeba7d122bc)] -> xpath: //input[@placeholder='amount']]
2021-12-13 00:12:701 INFO  AccountPage :68 - clicking on : [[ChromeDriver: chrome on WINDOWS (2b6b8623caf24101f94e6aeba7d122bc)] -> xpath: //button[@class='btn btn-default']]
2021-12-13 00:12:838 INFO  AccountPage :81 - clicking on : [[ChromeDriver: chrome on WINDOWS (2b6b8623caf24101f94e6aeba7d122bc)] -> xpath: //button[contains(text(),'Withdrawl')]]
2021-12-13 00:12:925 INFO  AccountPage :86 - Entering amount : [[ChromeDriver: chrome on WINDOWS (2b6b8623caf24101f94e6aeba7d122bc)] -> xpath: //input[@placeholder='amount']]
2021-12-13 00:12:10 INFO  AccountPage :92 - clicking on : [[ChromeDriver: chrome on WINDOWS (2b6b8623caf24101f94e6aeba7d122bc)] -> xpath: //button[@class='btn btn-default']]
2021-12-13 00:12:603 INFO  ManageDriver :32 - Launching chrome browser
2021-12-13 00:12:76 INFO  HomePage :30 - clicking on : [[ChromeDriver: chrome on WINDOWS (29a02a48df82f6f8e2a519e1034cc21c)] -> xpath: //button[contains(text(),'Customer Login')]]
2021-12-13 00:12:745 INFO  CustomerLoginPage :32 - select your name: [[ChromeDriver: chrome on WINDOWS (29a02a48df82f6f8e2a519e1034cc21c)] -> xpath: //select[@id='userSelect']]
2021-12-13 00:12:869 INFO  CustomerLoginPage :37 - clicking on : [[ChromeDriver: chrome on WINDOWS (29a02a48df82f6f8e2a519e1034cc21c)] -> xpath: //button[@class='btn btn-default']]
2021-12-13 00:12:802 INFO  AccountPage :57 - clicking on : [[ChromeDriver: chrome on WINDOWS (29a02a48df82f6f8e2a519e1034cc21c)] -> xpath: //button[contains(text(),'Deposit')]]
2021-12-13 00:12:225 INFO  AccountPage :62 -  entering amount : [[ChromeDriver: chrome on WINDOWS (29a02a48df82f6f8e2a519e1034cc21c)] -> xpath: //input[@placeholder='amount']]
2021-12-13 00:12:340 INFO  AccountPage :68 - clicking on : [[ChromeDriver: chrome on WINDOWS (29a02a48df82f6f8e2a519e1034cc21c)] -> xpath: //button[@class='btn btn-default']]
2021-12-13 00:12:444 INFO  AccountPage :81 - clicking on : [[ChromeDriver: chrome on WINDOWS (29a02a48df82f6f8e2a519e1034cc21c)] -> xpath: //button[contains(text(),'Withdrawl')]]
2021-12-13 00:12:528 INFO  AccountPage :86 - Entering amount : [[ChromeDriver: chrome on WINDOWS (29a02a48df82f6f8e2a519e1034cc21c)] -> xpath: //input[@placeholder='amount']]
2021-12-13 00:12:698 INFO  AccountPage :92 - clicking on : [[ChromeDriver: chrome on WINDOWS (29a02a48df82f6f8e2a519e1034cc21c)] -> xpath: //button[@class='btn btn-default']]
2021-12-13 00:12:52 INFO  ManageDriver :32 - Launching chrome browser
2021-12-13 00:12:845 INFO  ManageDriver :32 - Launching chrome browser
2021-12-13 00:12:766 INFO  HomePage :30 - clicking on : [[ChromeDriver: chrome on WINDOWS (f03b74709895db3a7b4069809cd624d4)] -> xpath: //button[contains(text(),'Customer Login')]]
2021-12-13 00:12:262 INFO  CustomerLoginPage :32 - select your name: [[ChromeDriver: chrome on WINDOWS (f03b74709895db3a7b4069809cd624d4)] -> xpath: //select[@id='userSelect']]
2021-12-13 00:12:669 INFO  CustomerLoginPage :37 - clicking on : [[ChromeDriver: chrome on WINDOWS (f03b74709895db3a7b4069809cd624d4)] -> xpath: //button[@class='btn btn-default']]
2021-12-13 00:12:652 INFO  AccountPage :57 - clicking on : [[ChromeDriver: chrome on WINDOWS (f03b74709895db3a7b4069809cd624d4)] -> xpath: //button[contains(text(),'Deposit')]]
2021-12-13 00:12:150 INFO  AccountPage :62 -  entering amount : [[ChromeDriver: chrome on WINDOWS (f03b74709895db3a7b4069809cd624d4)] -> xpath: //input[@placeholder='amount']]
2021-12-13 00:12:265 INFO  AccountPage :68 - clicking on : [[ChromeDriver: chrome on WINDOWS (f03b74709895db3a7b4069809cd624d4)] -> xpath: //button[@class='btn btn-default']]
2021-12-13 00:12:393 INFO  AccountPage :81 - clicking on : [[ChromeDriver: chrome on WINDOWS (f03b74709895db3a7b4069809cd624d4)] -> xpath: //button[contains(text(),'Withdrawl')]]
2021-12-13 00:12:490 INFO  AccountPage :86 - Entering amount : [[ChromeDriver: chrome on WINDOWS (f03b74709895db3a7b4069809cd624d4)] -> xpath: //input[@placeholder='amount']]
2021-12-13 00:12:664 INFO  AccountPage :92 - clicking on : [[ChromeDriver: chrome on WINDOWS (f03b74709895db3a7b4069809cd624d4)] -> xpath: //button[@class='btn btn-default']]
2021-12-13 00:12:178 INFO  ManageDriver :32 - Launching chrome browser
2021-12-13 00:12:204 INFO  HomePage :30 - clicking on : [[ChromeDriver: chrome on WINDOWS (5350b93ffb8d8bd13cfe26693a75a546)] -> xpath: //button[contains(text(),'Customer Login')]]
2021-12-13 00:12:999 INFO  CustomerLoginPage :32 - select your name: [[ChromeDriver: chrome on WINDOWS (5350b93ffb8d8bd13cfe26693a75a546)] -> xpath: //select[@id='userSelect']]
2021-12-13 00:12:118 INFO  CustomerLoginPage :37 - clicking on : [[ChromeDriver: chrome on WINDOWS (5350b93ffb8d8bd13cfe26693a75a546)] -> xpath: //button[@class='btn btn-default']]
2021-12-13 00:12:90 INFO  AccountPage :57 - clicking on : [[ChromeDriver: chrome on WINDOWS (5350b93ffb8d8bd13cfe26693a75a546)] -> xpath: //button[contains(text(),'Deposit')]]
2021-12-13 00:12:551 INFO  AccountPage :62 -  entering amount : [[ChromeDriver: chrome on WINDOWS (5350b93ffb8d8bd13cfe26693a75a546)] -> css selector: input[placeholder='amount']]
2021-12-13 00:12:667 INFO  AccountPage :68 - clicking on : [[ChromeDriver: chrome on WINDOWS (5350b93ffb8d8bd13cfe26693a75a546)] -> xpath: //button[@class='btn btn-default']]
2021-12-13 00:12:791 INFO  AccountPage :81 - clicking on : [[ChromeDriver: chrome on WINDOWS (5350b93ffb8d8bd13cfe26693a75a546)] -> xpath: //button[contains(text(),'Withdrawl')]]
2021-12-13 00:12:893 INFO  AccountPage :86 - Entering amount : [[ChromeDriver: chrome on WINDOWS (5350b93ffb8d8bd13cfe26693a75a546)] -> css selector: input[placeholder='amount']]
2021-12-13 00:12:62 INFO  AccountPage :92 - clicking on : [[ChromeDriver: chrome on WINDOWS (5350b93ffb8d8bd13cfe26693a75a546)] -> xpath: //button[@class='btn btn-default']]
2021-12-13 00:12:534 INFO  ManageDriver :32 - Launching chrome browser
2021-12-13 00:12:351 INFO  HomePage :30 - clicking on : [[ChromeDriver: chrome on WINDOWS (e16e0a27106fe9e181bb6ed68c883e65)] -> xpath: //button[contains(text(),'Customer Login')]]
2021-12-13 00:12:967 INFO  CustomerLoginPage :32 - select your name: [[ChromeDriver: chrome on WINDOWS (e16e0a27106fe9e181bb6ed68c883e65)] -> xpath: //select[@id='userSelect']]
2021-12-13 00:12:103 INFO  CustomerLoginPage :37 - clicking on : [[ChromeDriver: chrome on WINDOWS (e16e0a27106fe9e181bb6ed68c883e65)] -> xpath: //button[@class='btn btn-default']]
2021-12-13 00:12:35 INFO  AccountPage :57 - clicking on : [[ChromeDriver: chrome on WINDOWS (e16e0a27106fe9e181bb6ed68c883e65)] -> xpath: //button[contains(text(),'Deposit')]]
2021-12-13 00:12:436 INFO  AccountPage :62 -  entering amount : [[ChromeDriver: chrome on WINDOWS (e16e0a27106fe9e181bb6ed68c883e65)] -> css selector: input[placeholder='amount']]
2021-12-13 00:12:576 INFO  AccountPage :68 - clicking on : [[ChromeDriver: chrome on WINDOWS (e16e0a27106fe9e181bb6ed68c883e65)] -> xpath: //button[@class='btn btn-default']]
2021-12-13 00:12:698 INFO  AccountPage :81 - clicking on : [[ChromeDriver: chrome on WINDOWS (e16e0a27106fe9e181bb6ed68c883e65)] -> xpath: //button[contains(text(),'Withdrawl')]]
2021-12-13 00:12:789 INFO  AccountPage :86 - Entering amount : [[ChromeDriver: chrome on WINDOWS (e16e0a27106fe9e181bb6ed68c883e65)] -> css selector: input[placeholder='amount']]
2021-12-13 00:12:960 INFO  AccountPage :92 - clicking on : [[ChromeDriver: chrome on WINDOWS (e16e0a27106fe9e181bb6ed68c883e65)] -> xpath: //button[@class='btn btn-default']]
2021-12-13 00:12:432 INFO  AccountPage :99 - withdraw text : [[ChromeDriver: chrome on WINDOWS (e16e0a27106fe9e181bb6ed68c883e65)] -> xpath: //span[contains(text(),'Transaction successful')]]
2021-12-13 00:12:405 INFO  ManageDriver :32 - Launching chrome browser
2021-12-13 00:12:829 INFO  HomePage :30 - clicking on : [[ChromeDriver: chrome on WINDOWS (f4d86c535f5249935082630ca737af38)] -> xpath: //button[contains(text(),'Customer Login')]]
2021-12-13 00:12:358 INFO  CustomerLoginPage :32 - select your name: [[ChromeDriver: chrome on WINDOWS (f4d86c535f5249935082630ca737af38)] -> xpath: //select[@id='userSelect']]
2021-12-13 00:12:487 INFO  CustomerLoginPage :37 - clicking on : [[ChromeDriver: chrome on WINDOWS (f4d86c535f5249935082630ca737af38)] -> xpath: //button[@class='btn btn-default']]
2021-12-13 00:12:720 INFO  AccountPage :57 - clicking on : [[ChromeDriver: chrome on WINDOWS (f4d86c535f5249935082630ca737af38)] -> xpath: //button[contains(text(),'Deposit')]]
2021-12-13 00:12:286 INFO  AccountPage :62 -  entering amount : [[ChromeDriver: chrome on WINDOWS (f4d86c535f5249935082630ca737af38)] -> css selector: input[placeholder='amount']]
2021-12-13 00:12:398 INFO  AccountPage :68 - clicking on : [[ChromeDriver: chrome on WINDOWS (f4d86c535f5249935082630ca737af38)] -> xpath: //button[@class='btn btn-default']]
2021-12-13 00:12:523 INFO  AccountPage :81 - clicking on : [[ChromeDriver: chrome on WINDOWS (f4d86c535f5249935082630ca737af38)] -> xpath: //button[contains(text(),'Withdrawl')]]
2021-12-13 00:12:612 INFO  AccountPage :86 - Entering amount : [[ChromeDriver: chrome on WINDOWS (f4d86c535f5249935082630ca737af38)] -> css selector: input[placeholder='amount']]
2021-12-13 00:12:784 INFO  AccountPage :92 - clicking on : [[ChromeDriver: chrome on WINDOWS (f4d86c535f5249935082630ca737af38)] -> xpath: //button[@class='btn btn-default']]
2021-12-13 01:12:59 INFO  ManageDriver :32 - Launching chrome browser
2021-12-13 01:12:792 INFO  ManageDriver :32 - Launching chrome browser
2021-12-13 01:12:323 INFO  HomePage :30 - clicking on : [[ChromeDriver: chrome on WINDOWS (a1740a93235c0b81547aa6fdf067cd35)] -> xpath: //button[contains(text(),'Customer Login')]]
2021-12-13 01:12:833 INFO  CustomerLoginPage :32 - select your name: [[ChromeDriver: chrome on WINDOWS (a1740a93235c0b81547aa6fdf067cd35)] -> xpath: //select[@id='userSelect']]
2021-12-13 01:12:925 INFO  CustomerLoginPage :37 - clicking on : [[ChromeDriver: chrome on WINDOWS (a1740a93235c0b81547aa6fdf067cd35)] -> xpath: //button[@class='btn btn-default']]
2021-12-13 01:12:387 INFO  AccountPage :60 - clicking on : [[ChromeDriver: chrome on WINDOWS (a1740a93235c0b81547aa6fdf067cd35)] -> xpath: //button[contains(text(),'Deposit')]]
2021-12-13 01:12:836 INFO  AccountPage :65 -  entering amount : [[ChromeDriver: chrome on WINDOWS (a1740a93235c0b81547aa6fdf067cd35)] -> css selector: input[placeholder='amount']]
2021-12-13 01:12:970 INFO  AccountPage :71 - clicking on : [[ChromeDriver: chrome on WINDOWS (a1740a93235c0b81547aa6fdf067cd35)] -> xpath: //button[@class='btn btn-default']]
2021-12-13 01:12:58 INFO  AccountPage :88 - clicking on : [[ChromeDriver: chrome on WINDOWS (a1740a93235c0b81547aa6fdf067cd35)] -> xpath: //button[contains(text(),'Withdrawl')]]
2021-12-13 01:12:970 INFO  ManageDriver :32 - Launching chrome browser
2021-12-13 01:12:306 INFO  ManageDriver :32 - Launching chrome browser
2021-12-13 01:12:651 INFO  HomePage :30 - clicking on : [[ChromeDriver: chrome on WINDOWS (45a948212b2348f42da06f88919d1eff)] -> xpath: //button[contains(text(),'Customer Login')]]
2021-12-13 01:12:148 INFO  CustomerLoginPage :32 - select your name: [[ChromeDriver: chrome on WINDOWS (45a948212b2348f42da06f88919d1eff)] -> xpath: //select[@id='userSelect']]
2021-12-13 01:12:233 INFO  CustomerLoginPage :37 - clicking on : [[ChromeDriver: chrome on WINDOWS (45a948212b2348f42da06f88919d1eff)] -> xpath: //button[@class='btn btn-default']]
2021-12-13 01:12:635 INFO  AccountPage :60 - clicking on : [[ChromeDriver: chrome on WINDOWS (45a948212b2348f42da06f88919d1eff)] -> xpath: //button[contains(text(),'Deposit')]]
2021-12-13 01:12:70 INFO  AccountPage :65 -  entering amount : [[ChromeDriver: chrome on WINDOWS (45a948212b2348f42da06f88919d1eff)] -> css selector: input[placeholder='amount']]
2021-12-13 01:12:184 INFO  AccountPage :71 - clicking on : [[ChromeDriver: chrome on WINDOWS (45a948212b2348f42da06f88919d1eff)] -> xpath: //button[@class='btn btn-default']]
2021-12-13 01:12:261 INFO  AccountPage :88 - clicking on : [[ChromeDriver: chrome on WINDOWS (45a948212b2348f42da06f88919d1eff)] -> xpath: //button[contains(text(),'Withdrawl')]]
2021-12-13 01:12:120 INFO  ManageDriver :32 - Launching chrome browser
2021-12-13 01:12:273 INFO  HomePage :30 - clicking on : [[ChromeDriver: chrome on WINDOWS (507d456c236f51e29a031a59007a87c3)] -> xpath: //button[contains(text(),'Customer Login')]]
2021-12-13 01:12:726 INFO  CustomerLoginPage :32 - select your name: [[ChromeDriver: chrome on WINDOWS (507d456c236f51e29a031a59007a87c3)] -> xpath: //select[@id='userSelect']]
2021-12-13 01:12:818 INFO  CustomerLoginPage :37 - clicking on : [[ChromeDriver: chrome on WINDOWS (507d456c236f51e29a031a59007a87c3)] -> xpath: //button[@class='btn btn-default']]
2021-12-13 01:12:168 INFO  AccountPage :60 - clicking on : [[ChromeDriver: chrome on WINDOWS (507d456c236f51e29a031a59007a87c3)] -> xpath: //button[contains(text(),'Deposit')]]
2021-12-13 01:12:590 INFO  AccountPage :65 -  entering amount : [[ChromeDriver: chrome on WINDOWS (507d456c236f51e29a031a59007a87c3)] -> css selector: input[placeholder='amount']]
2021-12-13 01:12:673 INFO  AccountPage :71 - clicking on : [[ChromeDriver: chrome on WINDOWS (507d456c236f51e29a031a59007a87c3)] -> xpath: //button[@class='btn btn-default']]
2021-12-13 01:12:762 INFO  AccountPage :88 - clicking on : [[ChromeDriver: chrome on WINDOWS (507d456c236f51e29a031a59007a87c3)] -> xpath: //button[contains(text(),'Withdrawl')]]
2021-12-13 01:12:206 INFO  ManageDriver :32 - Launching chrome browser
2021-12-13 01:12:36 INFO  HomePage :30 - clicking on : [[ChromeDriver: chrome on WINDOWS (db5ac5d525d10b31b79c05e5c1792e9a)] -> xpath: //button[contains(text(),'Customer Login')]]
2021-12-13 01:12:472 INFO  CustomerLoginPage :32 - select your name: [[ChromeDriver: chrome on WINDOWS (db5ac5d525d10b31b79c05e5c1792e9a)] -> xpath: //select[@id='userSelect']]
2021-12-13 01:12:782 INFO  CustomerLoginPage :37 - clicking on : [[ChromeDriver: chrome on WINDOWS (db5ac5d525d10b31b79c05e5c1792e9a)] -> xpath: //button[@class='btn btn-default']]
2021-12-13 01:12:19 INFO  AccountPage :60 - clicking on : [[ChromeDriver: chrome on WINDOWS (db5ac5d525d10b31b79c05e5c1792e9a)] -> xpath: //button[contains(text(),'Deposit')]]
2021-12-13 01:12:485 INFO  AccountPage :65 -  entering amount : [[ChromeDriver: chrome on WINDOWS (db5ac5d525d10b31b79c05e5c1792e9a)] -> css selector: input[placeholder='amount']]
2021-12-13 01:12:601 INFO  AccountPage :71 - clicking on : [[ChromeDriver: chrome on WINDOWS (db5ac5d525d10b31b79c05e5c1792e9a)] -> xpath: //button[@class='btn btn-default']]
2021-12-13 01:12:693 INFO  AccountPage :88 - clicking on : [[ChromeDriver: chrome on WINDOWS (db5ac5d525d10b31b79c05e5c1792e9a)] -> xpath: //button[contains(text(),'Withdrawl')]]
2021-12-13 07:12:166 INFO  ManageDriver :32 - Launching chrome browser
2021-12-13 07:12:29 INFO  HomePage :30 - clicking on : [[ChromeDriver: chrome on WINDOWS (6b87a9dbd4e87b58ba5e349f51d130e7)] -> xpath: //button[contains(text(),'Customer Login')]]
2021-12-13 07:12:37 INFO  CustomerLoginPage :32 - select your name: [[ChromeDriver: chrome on WINDOWS (6b87a9dbd4e87b58ba5e349f51d130e7)] -> xpath: //select[@id='userSelect']]
2021-12-13 07:12:341 INFO  CustomerLoginPage :37 - clicking on : [[ChromeDriver: chrome on WINDOWS (6b87a9dbd4e87b58ba5e349f51d130e7)] -> xpath: //button[@class='btn btn-default']]
2021-12-13 07:12:730 INFO  AccountPage :60 - clicking on : [[ChromeDriver: chrome on WINDOWS (6b87a9dbd4e87b58ba5e349f51d130e7)] -> xpath: //button[contains(text(),'Deposit')]]
2021-12-13 07:12:145 INFO  AccountPage :65 -  entering amount : [[ChromeDriver: chrome on WINDOWS (6b87a9dbd4e87b58ba5e349f51d130e7)] -> css selector: input[placeholder='amount']]
2021-12-13 07:12:249 INFO  AccountPage :71 - clicking on : [[ChromeDriver: chrome on WINDOWS (6b87a9dbd4e87b58ba5e349f51d130e7)] -> xpath: //button[@class='btn btn-default']]
2021-12-13 07:12:389 INFO  AccountPage :88 - clicking on : [[ChromeDriver: chrome on WINDOWS (6b87a9dbd4e87b58ba5e349f51d130e7)] -> xpath: //button[contains(text(),'Withdrawl')]]
2021-12-13 07:12:557 INFO  ManageDriver :32 - Launching chrome browser
2021-12-13 07:12:757 INFO  HomePage :30 - clicking on : [[ChromeDriver: chrome on WINDOWS (dd2f8df2dde2cdb6f2da972176e169e5)] -> xpath: //button[contains(text(),'Customer Login')]]
2021-12-13 07:12:255 INFO  CustomerLoginPage :32 - select your name: [[ChromeDriver: chrome on WINDOWS (dd2f8df2dde2cdb6f2da972176e169e5)] -> xpath: //select[@id='userSelect']]
2021-12-13 07:12:349 INFO  CustomerLoginPage :37 - clicking on : [[ChromeDriver: chrome on WINDOWS (dd2f8df2dde2cdb6f2da972176e169e5)] -> xpath: //button[@class='btn btn-default']]
2021-12-13 07:12:918 INFO  AccountPage :60 - clicking on : [[ChromeDriver: chrome on WINDOWS (dd2f8df2dde2cdb6f2da972176e169e5)] -> xpath: //button[contains(text(),'Deposit')]]
2021-12-13 07:12:411 INFO  AccountPage :65 -  entering amount : [[ChromeDriver: chrome on WINDOWS (dd2f8df2dde2cdb6f2da972176e169e5)] -> css selector: input[placeholder='amount']]
2021-12-13 07:12:492 INFO  AccountPage :71 - clicking on : [[ChromeDriver: chrome on WINDOWS (dd2f8df2dde2cdb6f2da972176e169e5)] -> xpath: //button[@class='btn btn-default']]
2021-12-13 07:12:616 INFO  AccountPage :88 - clicking on : [[ChromeDriver: chrome on WINDOWS (dd2f8df2dde2cdb6f2da972176e169e5)] -> xpath: //button[contains(text(),'Withdrawl')]]
2021-12-13 07:12:847 INFO  AccountPage :99 - clicking on : [[ChromeDriver: chrome on WINDOWS (dd2f8df2dde2cdb6f2da972176e169e5)] -> xpath: //button[@class='btn btn-default']]
2021-12-13 07:12:141 INFO  ManageDriver :32 - Launching chrome browser
2021-12-13 07:12:173 INFO  HomePage :30 - clicking on : [[ChromeDriver: chrome on WINDOWS (59930f6fcfd1db55a46d52c3307f13af)] -> xpath: //button[contains(text(),'Customer Login')]]
2021-12-13 07:12:728 INFO  CustomerLoginPage :32 - select your name: [[ChromeDriver: chrome on WINDOWS (59930f6fcfd1db55a46d52c3307f13af)] -> xpath: //select[@id='userSelect']]
2021-12-13 07:12:823 INFO  CustomerLoginPage :37 - clicking on : [[ChromeDriver: chrome on WINDOWS (59930f6fcfd1db55a46d52c3307f13af)] -> xpath: //button[@class='btn btn-default']]
2021-12-13 07:12:249 INFO  AccountPage :62 - clicking on : [[ChromeDriver: chrome on WINDOWS (59930f6fcfd1db55a46d52c3307f13af)] -> xpath: //button[contains(text(),'Deposit')]]
2021-12-13 07:12:735 INFO  AccountPage :67 -  entering amount : [[ChromeDriver: chrome on WINDOWS (59930f6fcfd1db55a46d52c3307f13af)] -> css selector: input[placeholder='amount']]
2021-12-13 07:12:817 INFO  AccountPage :73 - clicking on : [[ChromeDriver: chrome on WINDOWS (59930f6fcfd1db55a46d52c3307f13af)] -> xpath: //button[@class='btn btn-default']]
2021-12-13 07:12:932 INFO  AccountPage :91 - clicking on : [[ChromeDriver: chrome on WINDOWS (59930f6fcfd1db55a46d52c3307f13af)] -> xpath: //button[contains(text(),'Withdrawl')]]
2021-12-13 07:12:996 INFO  AccountPage :79 - entering amount for cash : [[ChromeDriver: chrome on WINDOWS (59930f6fcfd1db55a46d52c3307f13af)] -> xpath: //input[@placeholder='amount']]
2021-12-13 07:12:182 INFO  AccountPage :102 - clicking on : [[ChromeDriver: chrome on WINDOWS (59930f6fcfd1db55a46d52c3307f13af)] -> xpath: //button[@class='btn btn-default']]
2021-12-13 07:12:818 INFO  AccountPage :109 - withdraw text : [[ChromeDriver: chrome on WINDOWS (59930f6fcfd1db55a46d52c3307f13af)] -> xpath: //span[contains(text(),'Transaction successful')]]
